<?xml version="1.0" encoding="UTF-8"?>
<!-- Generated by org.testng.reporters.JUnitXMLReporter -->
<testsuite ignored="0" hostname="LAPTOP-5KMFOFH9" failures="0" tests="3" name="Test" time="5.287" errors="0" timestamp="2022-10-16T12:11:27 IST">
  <testcase classname="testNGDemo.TestDemo1" name="testCase1" time="0.016"/>
  <testcase classname="testNGDemo.TestDemo1" name="testCase2" time="0.002"/>
  <testcase classname="testNGDemo.GoogleTest" name="chromeTest" time="5.196"/>
</testsuite> <!-- Test -->
