<?xml version="1.0" encoding="UTF-8"?>
<!-- Generated by org.testng.reporters.JUnitXMLReporter -->
<testsuite hostname="LAPTOP-5KMFOFH9" ignored="0" name="Test" tests="3" failures="0" timestamp="2022-10-16T12:30:09 IST" time="8.95" errors="0">
  <testcase name="testCase1" time="0.009" classname="testNGDemo.TestDemo1"/>
  <testcase name="testCase2" time="0.001" classname="testNGDemo.TestDemo1"/>
  <testcase name="chromeTest" time="8.892" classname="testNGDemo.GoogleTest"/>
</testsuite> <!-- Test -->
