<?xml version="1.0" encoding="UTF-8"?>
<testng-results skipped="0" failed="0" ignored="0" total="3" passed="3">
  <reporter-output>
  </reporter-output>
  <suite name="Suite" duration-ms="8950" started-at="2022-10-16T12:30:00 IST" finished-at="2022-10-16T12:30:09 IST">
    <groups>
    </groups>
    <test name="Test" duration-ms="8950" started-at="2022-10-16T12:30:00 IST" finished-at="2022-10-16T12:30:09 IST">
      <class name="testNGDemo.TestDemo1">
        <test-method status="PASS" signature="testCase1()[pri:0, instance:testNGDemo.TestDemo1@34c4973]" name="testCase1" duration-ms="9" started-at="2022-10-16T12:30:00 IST" finished-at="2022-10-16T12:30:00 IST">
          <reporter-output>
          </reporter-output>
        </test-method> <!-- testCase1 -->
        <test-method status="PASS" signature="testCase2()[pri:0, instance:testNGDemo.TestDemo1@34c4973]" name="testCase2" duration-ms="1" started-at="2022-10-16T12:30:00 IST" finished-at="2022-10-16T12:30:00 IST">
          <reporter-output>
          </reporter-output>
        </test-method> <!-- testCase2 -->
      </class> <!-- testNGDemo.TestDemo1 -->
      <class name="testNGDemo.GoogleTest">
        <test-method status="PASS" signature="chromeTest()[pri:0, instance:testNGDemo.GoogleTest@480bdb19]" name="chromeTest" duration-ms="8892" started-at="2022-10-16T12:30:00 IST" finished-at="2022-10-16T12:30:09 IST">
          <reporter-output>
          </reporter-output>
        </test-method> <!-- chromeTest -->
      </class> <!-- testNGDemo.GoogleTest -->
    </test> <!-- Test -->
  </suite> <!-- Suite -->
</testng-results>
