<?xml version="1.0" encoding="UTF-8"?>
<testng-results ignored="0" total="3" passed="3" failed="0" skipped="0">
  <reporter-output>
  </reporter-output>
  <suite started-at="2022-10-16T12:11:22 IST" name="Suite" finished-at="2022-10-16T12:11:27 IST" duration-ms="5287">
    <groups>
    </groups>
    <test started-at="2022-10-16T12:11:22 IST" name="Test" finished-at="2022-10-16T12:11:27 IST" duration-ms="5287">
      <class name="testNGDemo.TestDemo1">
        <test-method signature="testCase1()[pri:0, instance:testNGDemo.TestDemo1@957e06]" started-at="2022-10-16T12:11:22 IST" name="testCase1" finished-at="2022-10-16T12:11:22 IST" duration-ms="16" status="PASS">
          <reporter-output>
          </reporter-output>
        </test-method> <!-- testCase1 -->
        <test-method signature="testCase2()[pri:0, instance:testNGDemo.TestDemo1@957e06]" started-at="2022-10-16T12:11:22 IST" name="testCase2" finished-at="2022-10-16T12:11:22 IST" duration-ms="2" status="PASS">
          <reporter-output>
          </reporter-output>
        </test-method> <!-- testCase2 -->
      </class> <!-- testNGDemo.TestDemo1 -->
      <class name="testNGDemo.GoogleTest">
        <test-method signature="chromeTest()[pri:0, instance:testNGDemo.GoogleTest@201a4587]" started-at="2022-10-16T12:11:22 IST" name="chromeTest" finished-at="2022-10-16T12:11:27 IST" duration-ms="5196" status="PASS">
          <reporter-output>
          </reporter-output>
        </test-method> <!-- chromeTest -->
      </class> <!-- testNGDemo.GoogleTest -->
    </test> <!-- Test -->
  </suite> <!-- Suite -->
</testng-results>
